<?xml version="1.0" encoding="UTF-8"?>
<!-- Generated by org.testng.reporters.JUnitReportReporter -->
<testsuite hostname="DESKTOP-SBE2UEF" failures="0" tests="9" name="cucumberrunner.TestRunner" time="67.707" errors="1" timestamp="2024-06-27T16:27:21 IST" skipped="0">
  <testcase classname="cucumberrunner.TestRunner" name="runScenario" time="5.741"/>
  <testcase classname="cucumberrunner.TestRunner" name="runScenario" time="9.885">
    <error message="stale element reference: stale element not found in the current frame
  (Session info: chrome=126.0.6478.126)
For documentation on this error, please visit: https://www.selenium.dev/documentation/webdriver/troubleshooting/errors#stale-element-reference-exception
Build info: version: &#039;4.17.0&#039;, revision: &#039;e52b1be057*&#039;
System info: os.name: &#039;Windows 10&#039;, os.arch: &#039;amd64&#039;, os.version: &#039;10.0&#039;, java.version: &#039;21.0.2&#039;
Driver info: org.openqa.selenium.chrome.ChromeDriver
Command: [1fb6145f2926c2d96194d396381a4f45, getElementText {id=f.F6CDDF26FCCC33432D3CDA2CCD8E2FE6.d.1C088D49F2E03B284494824A29ABF56D.e.29}]
Capabilities {acceptInsecureCerts: false, browserName: chrome, browserVersion: 126.0.6478.126, chrome: {chromedriverVersion: 126.0.6478.126 (d36ace6122e..., userDataDir: C:\Users\dell\AppData\Local...}, fedcm:accounts: true, goog:chromeOptions: {debuggerAddress: localhost:64394}, networkConnectionEnabled: false, pageLoadStrategy: normal, platformName: windows, proxy: Proxy(), se:cdp: ws://localhost:64394/devtoo..., se:cdpVersion: 126.0.6478.126, setWindowRect: true, strictFileInteractability: false, timeouts: {implicit: 0, pageLoad: 300000, script: 30000}, unhandledPromptBehavior: dismiss and notify, webauthn:extension:credBlob: true, webauthn:extension:largeBlob: true, webauthn:extension:minPinLength: true, webauthn:extension:prf: true, webauthn:virtualAuthenticators: true}
Element: [[ChromeDriver: chrome on windows (1fb6145f2926c2d96194d396381a4f45)] -&gt; xpath: //nav[@class=&#039;bm-item-list&#039;]/a]
Session ID: 1fb6145f2926c2d96194d396381a4f45" type="org.openqa.selenium.StaleElementReferenceException">
      <![CDATA[org.openqa.selenium.StaleElementReferenceException: stale element reference: stale element not found in the current frame
  (Session info: chrome=126.0.6478.126)
For documentation on this error, please visit: https://www.selenium.dev/documentation/webdriver/troubleshooting/errors#stale-element-reference-exception
Build info: version: '4.17.0', revision: 'e52b1be057*'
System info: os.name: 'Windows 10', os.arch: 'amd64', os.version: '10.0', java.version: '21.0.2'
Driver info: org.openqa.selenium.chrome.ChromeDriver
Command: [1fb6145f2926c2d96194d396381a4f45, getElementText {id=f.F6CDDF26FCCC33432D3CDA2CCD8E2FE6.d.1C088D49F2E03B284494824A29ABF56D.e.29}]
Capabilities {acceptInsecureCerts: false, browserName: chrome, browserVersion: 126.0.6478.126, chrome: {chromedriverVersion: 126.0.6478.126 (d36ace6122e..., userDataDir: C:\Users\dell\AppData\Local...}, fedcm:accounts: true, goog:chromeOptions: {debuggerAddress: localhost:64394}, networkConnectionEnabled: false, pageLoadStrategy: normal, platformName: windows, proxy: Proxy(), se:cdp: ws://localhost:64394/devtoo..., se:cdpVersion: 126.0.6478.126, setWindowRect: true, strictFileInteractability: false, timeouts: {implicit: 0, pageLoad: 300000, script: 30000}, unhandledPromptBehavior: dismiss and notify, webauthn:extension:credBlob: true, webauthn:extension:largeBlob: true, webauthn:extension:minPinLength: true, webauthn:extension:prf: true, webauthn:virtualAuthenticators: true}
Element: [[ChromeDriver: chrome on windows (1fb6145f2926c2d96194d396381a4f45)] -> xpath: //nav[@class='bm-item-list']/a]
Session ID: 1fb6145f2926c2d96194d396381a4f45
at java.base/jdk.internal.reflect.DirectConstructorHandleAccessor.newInstance(DirectConstructorHandleAccessor.java:62)
at java.base/java.lang.reflect.Constructor.newInstanceWithCaller(Constructor.java:502)
at java.base/java.lang.reflect.Constructor.newInstance(Constructor.java:486)
at org.openqa.selenium.remote.codec.w3c.W3CHttpResponseCodec.createException(W3CHttpResponseCodec.java:185)
at org.openqa.selenium.remote.codec.w3c.W3CHttpResponseCodec.decode(W3CHttpResponseCodec.java:134)
at org.openqa.selenium.remote.codec.w3c.W3CHttpResponseCodec.decode(W3CHttpResponseCodec.java:51)
at org.openqa.selenium.remote.HttpCommandExecutor.execute(HttpCommandExecutor.java:190)
at org.openqa.selenium.remote.service.DriverCommandExecutor.invokeExecute(DriverCommandExecutor.java:216)
at org.openqa.selenium.remote.service.DriverCommandExecutor.execute(DriverCommandExecutor.java:174)
at org.openqa.selenium.remote.RemoteWebDriver.execute(RemoteWebDriver.java:519)
at org.openqa.selenium.remote.RemoteWebElement.execute(RemoteWebElement.java:223)
at org.openqa.selenium.remote.RemoteWebElement.getText(RemoteWebElement.java:191)
at Mainclass.main.dropdown(main.java:160)
at functionalstep.navigationvalidation.check_successful_selection_on_navigation(navigationvalidation.java:35)
at stepddefination.navigationvalidate.check_successful_selection_on_navigation(navigationvalidate.java:27)
at âœ½.check successful selection on navigation(file:///F:/automationtesting/AutomationProject/src/test/java/features/navigation.feature:19)
]]>
    </error>
  </testcase> <!-- runScenario -->
  <testcase classname="cucumberrunner.TestRunner" name="runScenario" time="5.790"/>
  <testcase classname="cucumberrunner.TestRunner" name="runScenario" time="4.496"/>
  <testcase classname="cucumberrunner.TestRunner" name="runScenario" time="5.794"/>
  <testcase classname="cucumberrunner.TestRunner" name="runScenario" time="6.823"/>
  <testcase classname="cucumberrunner.TestRunner" name="runScenario" time="14.817"/>
  <testcase classname="cucumberrunner.TestRunner" name="runScenario" time="6.470"/>
  <testcase classname="cucumberrunner.TestRunner" name="runScenario" time="7.891"/>
</testsuite> <!-- cucumberrunner.TestRunner -->
